# JRE version: Java(TM) SE Runtime Environment (17.0+35) (build 17+35-LTS-2724)
# Java VM: Java HotSpot(TM) 64-Bit Server VM (17+35-LTS-2724, mixed mode, sharing, tiered, compressed oops, compressed class ptrs, g1 gc, windows-amd64)
GC Precious Log:
 CPUs: 4 total, 4 available
 Memory: 8075M
 Large Page Support: Disabled
 NUMA Support: Disabled
 Compressed Oops: Enabled (32-bit)
 Heap Region Size: 1M
 Heap Min Capacity: 8M
 Heap Initial Capacity: 128M
 Heap Max Capacity: 2020M
 Pre-touch: Disabled
 Parallel Workers: 4
 Concurrent Workers: 1
 Concurrent Refinement Workers: 4
 Periodic GC: Disabled
Heap:
 garbage-first heap   total 350208K, used 266673K [0x0000000081c00000, 0x0000000100000000)
  region size 1024K, 155 young (158720K), 15 survivors (15360K)
 Metaspace       used 32415K, committed 32832K, reserved 1081344K
  class space    used 3352K, committed 3584K, reserved 1048576K
GC Heap History (20 events):
Event: 21.330 GC heap before
{Heap before GC invocations=38 (full 0):
 garbage-first heap   total 350208K, used 296129K [0x0000000081c00000, 0x0000000100000000)
  region size 1024K, 202 young (206848K), 13 survivors (13312K)
 Metaspace       used 27591K, committed 27968K, reserved 1081344K
  class space    used 2970K, committed 3200K, reserved 1048576K
}
Event: 21.340 GC heap after
{Heap after GC invocations=39 (full 0):
 garbage-first heap   total 350208K, used 103105K [0x0000000081c00000, 0x0000000100000000)
  region size 1024K, 14 young (14336K), 14 survivors (14336K)
 Metaspace       used 27591K, committed 27968K, reserved 1081344K
  class space    used 2970K, committed 3200K, reserved 1048576K
}
Event: 21.799 GC heap before
{Heap before GC invocations=39 (full 0):
 garbage-first heap   total 350208K, used 298689K [0x0000000081c00000, 0x0000000100000000)
  region size 1024K, 205 young (209920K), 14 survivors (14336K)
 Metaspace       used 27678K, committed 28032K, reserved 1081344K
  class space    used 2972K, committed 3200K, reserved 1048576K
}
Event: 21.819 GC heap after
{Heap after GC invocations=40 (full 0):
 garbage-first heap   total 350208K, used 110273K [0x0000000081c00000, 0x0000000100000000)
  region size 1024K, 21 young (21504K), 21 survivors (21504K)
 Metaspace       used 27678K, committed 28032K, reserved 1081344K
  class space    used 2972K, committed 3200K, reserved 1048576K
}
Event: 22.891 GC heap before
{Heap before GC invocations=40 (full 0):
 garbage-first heap   total 350208K, used 291521K [0x0000000081c00000, 0x0000000100000000)
  region size 1024K, 198 young (202752K), 21 survivors (21504K)
 Metaspace       used 27706K, committed 28096K, reserved 1081344K
  class space    used 2972K, committed 3200K, reserved 1048576K
}
Event: 22.915 GC heap after
{Heap after GC invocations=41 (full 0):
 garbage-first heap   total 350208K, used 109609K [0x0000000081c00000, 0x0000000100000000)
  region size 1024K, 12 young (12288K), 12 survivors (12288K)
 Metaspace       used 27706K, committed 28096K, reserved 1081344K
  class space    used 2972K, committed 3200K, reserved 1048576K
}
Event: 24.603 GC heap before
{Heap before GC invocations=41 (full 0):
 garbage-first heap   total 350208K, used 295977K [0x0000000081c00000, 0x0000000100000000)
  region size 1024K, 194 young (198656K), 12 survivors (12288K)
 Metaspace       used 27722K, committed 28160K, reserved 1081344K
  class space    used 2972K, committed 3200K, reserved 1048576K
}
Event: 24.618 GC heap after
{Heap after GC invocations=42 (full 0):
 garbage-first heap   total 350208K, used 107561K [0x0000000081c00000, 0x0000000100000000)
  region size 1024K, 10 young (10240K), 10 survivors (10240K)
 Metaspace       used 27722K, committed 28160K, reserved 1081344K
  class space    used 2972K, committed 3200K, reserved 1048576K
}
Event: 24.923 GC heap before
{Heap before GC invocations=42 (full 0):
 garbage-first heap   total 350208K, used 298025K [0x0000000081c00000, 0x0000000100000000)
  region size 1024K, 196 young (200704K), 10 survivors (10240K)
 Metaspace       used 27724K, committed 28160K, reserved 1081344K
  class space    used 2972K, committed 3200K, reserved 1048576K
}
Event: 24.932 GC heap after
{Heap after GC invocations=43 (full 0):
 garbage-first heap   total 350208K, used 104489K [0x0000000081c00000, 0x0000000100000000)
  region size 1024K, 7 young (7168K), 7 survivors (7168K)
 Metaspace       used 27724K, committed 28160K, reserved 1081344K
  class space    used 2972K, committed 3200K, reserved 1048576K
}
Event: 26.415 GC heap before
{Heap before GC invocations=43 (full 0):
 garbage-first heap   total 350208K, used 302121K [0x0000000081c00000, 0x0000000100000000)
  region size 1024K, 197 young (201728K), 7 survivors (7168K)
 Metaspace       used 29356K, committed 29696K, reserved 1081344K
  class space    used 3172K, committed 3392K, reserved 1048576K
}
Event: 26.432 GC heap after
{Heap after GC invocations=44 (full 0):
 garbage-first heap   total 350208K, used 109609K [0x0000000081c00000, 0x0000000100000000)
  region size 1024K, 11 young (11264K), 11 survivors (11264K)
 Metaspace       used 29356K, committed 29696K, reserved 1081344K
  class space    used 3172K, committed 3392K, reserved 1048576K
}
Event: 29.283 GC heap before
{Heap before GC invocations=44 (full 0):
 garbage-first heap   total 350208K, used 297001K [0x0000000081c00000, 0x0000000100000000)
  region size 1024K, 194 young (198656K), 11 survivors (11264K)
 Metaspace       used 30555K, committed 30912K, reserved 1081344K
  class space    used 3227K, committed 3456K, reserved 1048576K
}
Event: 29.301 GC heap after
{Heap after GC invocations=45 (full 0):
 garbage-first heap   total 350208K, used 113705K [0x0000000081c00000, 0x0000000100000000)
  region size 1024K, 15 young (15360K), 15 survivors (15360K)
 Metaspace       used 30555K, committed 30912K, reserved 1081344K
  class space    used 3227K, committed 3456K, reserved 1048576K
}
Event: 31.646 GC heap before
{Heap before GC invocations=45 (full 0):
 garbage-first heap   total 350208K, used 298025K [0x0000000081c00000, 0x0000000100000000)
  region size 1024K, 195 young (199680K), 15 survivors (15360K)
 Metaspace       used 30728K, committed 31104K, reserved 1081344K
  class space    used 3230K, committed 3456K, reserved 1048576K
}
Event: 31.667 GC heap after
{Heap after GC invocations=46 (full 0):
 garbage-first heap   total 350208K, used 116653K [0x0000000081c00000, 0x0000000100000000)
  region size 1024K, 14 young (14336K), 14 survivors (14336K)
 Metaspace       used 30728K, committed 31104K, reserved 1081344K
  class space    used 3230K, committed 3456K, reserved 1048576K
}
Event: 34.081 GC heap before
{Heap before GC invocations=46 (full 0):
 garbage-first heap   total 350208K, used 298925K [0x0000000081c00000, 0x0000000100000000)
  region size 1024K, 192 young (196608K), 14 survivors (14336K)
 Metaspace       used 30844K, committed 31232K, reserved 1081344K
  class space    used 3232K, committed 3456K, reserved 1048576K
}
Event: 34.106 GC heap after
{Heap after GC invocations=47 (full 0):
 garbage-first heap   total 350208K, used 120241K [0x0000000081c00000, 0x0000000100000000)
  region size 1024K, 11 young (11264K), 11 survivors (11264K)
 Metaspace       used 30844K, committed 31232K, reserved 1081344K
  class space    used 3232K, committed 3456K, reserved 1048576K
}
Event: 35.857 GC heap before
{Heap before GC invocations=47 (full 0):
 garbage-first heap   total 350208K, used 300465K [0x0000000081c00000, 0x0000000100000000)
  region size 1024K, 187 young (191488K), 11 survivors (11264K)
 Metaspace       used 30919K, committed 31296K, reserved 1081344K
  class space    used 3234K, committed 3456K, reserved 1048576K
}
Event: 35.881 GC heap after
{Heap after GC invocations=48 (full 0):
 garbage-first heap   total 350208K, used 124337K [0x0000000081c00000, 0x0000000100000000)
  region size 1024K, 15 young (15360K), 15 survivors (15360K)
 Metaspace       used 30919K, committed 31296K, reserved 1081344K
  class space    used 3234K, committed 3456K, reserved 1048576K
}

