# JRE version: Java(TM) SE Runtime Environment (16.0+36) (build 16+36-2231)
# Java VM: Java HotSpot(TM) 64-Bit Server VM (16+36-2231, mixed mode, sharing, tiered, compressed oops, g1 gc, windows-amd64)
GC Precious Log:
 CPUs: 8 total, 8 available
 Memory: 7973M
 Large Page Support: Disabled
 NUMA Support: Disabled
 Compressed Oops: Enabled (32-bit)
 Heap Region Size: 1M
 Heap Min Capacity: 8M
 Heap Initial Capacity: 126M
 Heap Max Capacity: 1994M
 Pre-touch: Disabled
 Parallel Workers: 8
 Concurrent Workers: 2
 Concurrent Refinement Workers: 8
 Periodic GC: Disabled
Heap:
 garbage-first heap   total 45056K, used 25899K [0x0000000083600000, 0x0000000100000000)
  region size 1024K, 12 young (12288K), 2 survivors (2048K)
 Metaspace       used 42340K, committed 42816K, reserved 1089536K
  class space    used 5321K, committed 5568K, reserved 1048576K
GC Heap History (14 events):
Event: 0.572 GC heap before
{Heap before GC invocations=0 (full 0):
 garbage-first heap   total 129024K, used 22528K [0x0000000083600000, 0x0000000100000000)
  region size 1024K, 23 young (23552K), 0 survivors (0K)
 Metaspace       used 9562K, committed 9856K, reserved 1064960K
  class space    used 1060K, committed 1216K, reserved 1048576K
}
Event: 0.577 GC heap after
{Heap after GC invocations=1 (full 0):
 garbage-first heap   total 129024K, used 5613K [0x0000000083600000, 0x0000000100000000)
  region size 1024K, 3 young (3072K), 3 survivors (3072K)
 Metaspace       used 9562K, committed 9856K, reserved 1064960K
  class space    used 1060K, committed 1216K, reserved 1048576K
}
Event: 0.866 GC heap before
{Heap before GC invocations=1 (full 0):
 garbage-first heap   total 129024K, used 34285K [0x0000000083600000, 0x0000000100000000)
  region size 1024K, 31 young (31744K), 3 survivors (3072K)
 Metaspace       used 16822K, committed 17088K, reserved 1064960K
  class space    used 1972K, committed 2112K, reserved 1048576K
}
Event: 0.870 GC heap after
{Heap after GC invocations=2 (full 0):
 garbage-first heap   total 129024K, used 7244K [0x0000000083600000, 0x0000000100000000)
  region size 1024K, 2 young (2048K), 2 survivors (2048K)
 Metaspace       used 16822K, committed 17088K, reserved 1064960K
  class space    used 1972K, committed 2112K, reserved 1048576K
}
Event: 1.427 GC heap before
{Heap before GC invocations=2 (full 0):
 garbage-first heap   total 129024K, used 44108K [0x0000000083600000, 0x0000000100000000)
  region size 1024K, 39 young (39936K), 2 survivors (2048K)
 Metaspace       used 21020K, committed 21248K, reserved 1073152K
  class space    used 2500K, committed 2624K, reserved 1048576K
}
Event: 1.431 GC heap after
{Heap after GC invocations=3 (full 0):
 garbage-first heap   total 129024K, used 8802K [0x0000000083600000, 0x0000000100000000)
  region size 1024K, 4 young (4096K), 4 survivors (4096K)
 Metaspace       used 21020K, committed 21248K, reserved 1073152K
  class space    used 2500K, committed 2624K, reserved 1048576K
}
Event: 2.221 GC heap before
{Heap before GC invocations=4 (full 0):
 garbage-first heap   total 37888K, used 36450K [0x0000000083600000, 0x0000000100000000)
  region size 1024K, 31 young (31744K), 4 survivors (4096K)
 Metaspace       used 32668K, committed 32960K, reserved 1081344K
  class space    used 4029K, committed 4160K, reserved 1048576K
}
Event: 2.227 GC heap after
{Heap after GC invocations=5 (full 0):
 garbage-first heap   total 45056K, used 12420K [0x0000000083600000, 0x0000000100000000)
  region size 1024K, 7 young (7168K), 7 survivors (7168K)
 Metaspace       used 32668K, committed 32960K, reserved 1081344K
  class space    used 4029K, committed 4160K, reserved 1048576K
}
Event: 2.682 GC heap before
{Heap before GC invocations=5 (full 0):
 garbage-first heap   total 45056K, used 30852K [0x0000000083600000, 0x0000000100000000)
  region size 1024K, 25 young (25600K), 7 survivors (7168K)
 Metaspace       used 34347K, committed 34624K, reserved 1081344K
  class space    used 4204K, committed 4352K, reserved 1048576K
}
Event: 2.689 GC heap after
{Heap after GC invocations=6 (full 0):
 garbage-first heap   total 45056K, used 15209K [0x0000000083600000, 0x0000000100000000)
  region size 1024K, 3 young (3072K), 3 survivors (3072K)
 Metaspace       used 34347K, committed 34624K, reserved 1081344K
  class space    used 4204K, committed 4352K, reserved 1048576K
}
Event: 2.810 GC heap before
{Heap before GC invocations=6 (full 0):
 garbage-first heap   total 45056K, used 22377K [0x0000000083600000, 0x0000000100000000)
  region size 1024K, 11 young (11264K), 3 survivors (3072K)
 Metaspace       used 35191K, committed 35520K, reserved 1081344K
  class space    used 4333K, committed 4480K, reserved 1048576K
}
Event: 2.813 GC heap after
{Heap after GC invocations=7 (full 0):
 garbage-first heap   total 45056K, used 15935K [0x0000000083600000, 0x0000000100000000)
  region size 1024K, 1 young (1024K), 1 survivors (1024K)
 Metaspace       used 35191K, committed 35520K, reserved 1081344K
  class space    used 4333K, committed 4480K, reserved 1048576K
}
Event: 3.142 GC heap before
{Heap before GC invocations=8 (full 0):
 garbage-first heap   total 45056K, used 31295K [0x0000000083600000, 0x0000000100000000)
  region size 1024K, 16 young (16384K), 1 survivors (1024K)
 Metaspace       used 39964K, committed 40320K, reserved 1089536K
  class space    used 5031K, committed 5184K, reserved 1048576K
}
Event: 3.146 GC heap after
{Heap after GC invocations=9 (full 0):
 garbage-first heap   total 45056K, used 17707K [0x0000000083600000, 0x0000000100000000)
  region size 1024K, 2 young (2048K), 2 survivors (2048K)
 Metaspace       used 39964K, committed 40320K, reserved 1089536K
  class space    used 5031K, committed 5184K, reserved 1048576K
}

